
27-Jul-2016 23:46:52 CEST  Closed file root://cmsxrootd.hep.wisc.edu//store/user/kelong/WZTo3LNu_0J_13TeV_madgraphMLM-pythia8_2016-07-25-fixGen_cfg/fixGen_cfg-SUS-RunIISummer15wmLHEGS-00037_19.root

------------------------------------
GenXsecAnalyzer:
------------------------------------
--------------------------------------------------------------------------------------------------------------------------------------------------------------------------
Overall cross-section summary
--------------------------------------------------------------------------------------------------------------------------------------------------------------------------
Process         xsec_before [pb]                passed  nposw   nnegw   tried   nposw   nnegw   xsec_match [pb]                 accepted [%]     event_eff [%]
0               3.662e-01 +/- 1.371e-04         195667  195667  0       400000  400000  0       1.792e-01 +/- 2.971e-04         48.9 +/- 0.1    48.9 +/- 0.1
--------------------------------------------------------------------------------------------------------------------------------------------------------------------------
Total           3.662e-01 +/- 1.371e-04         195667  195667  0       400000  400000  0       1.792e-01 +/- 2.971e-04         48.9 +/- 0.1    48.9 +/- 0.1
--------------------------------------------------------------------------------------------------------------------------------------------------------------------------
Before matching: total cross section = 3.662e-01 +- 1.371e-04 pb
After matching: total cross section = 1.792e-01 +- 2.971e-04 pb
Filter efficiency (taking into account weights)= (195667) / (195667) = 1.000e+00 +- 0.000e+00
Filter efficiency (event-level)= (195667) / (195667) = 1.000e+00 +- 0.000e+00
After filter: final cross section = 1.792e-01 +- 2.971e-04 pb

=============================================

MessageLogger Summary

 type     category        sev    module        subroutine        count    total
 ---- -------------------- -- ---------------- ----------------  -----    -----
    1 GenXSecAnalyzer      -w GenXSecAnalyzer:                      12       12
    2 fileAction           -s file_close                            10       10
    3 fileAction           -s file_open                             20       20

 type    category    Examples: run/evt        run/evt          run/evt
 ---- -------------------- ---------------- ---------------- ----------------
    1 GenXSecAnalyzer      PostEndRun       PostEndRun       PostEndRun
    2 fileAction           PostProcessEvent PostProcessEvent PostEndRun
    3 fileAction           pre-events       pre-events       PostProcessEvent

Severity    # Occurrences   Total Occurrences
--------    -------------   -----------------
Warning                12                  12
System                 30                  30
