
------------------------------------
GenXsecAnalyzer:
------------------------------------
--------------------------------------------------------------------------------------------------------------------------------------------------------------------------
Overall cross-section summary
--------------------------------------------------------------------------------------------------------------------------------------------------------------------------
Process         xsec_before [pb]                passed  nposw   nnegw   tried   nposw   nnegw   xsec_match [pb]                 accepted [%]     event_eff [%]
0               1.099e-02 +/- 1.811e-05         4872    4872    0       4872    4872    0       1.099e-02 +/- 1.811e-05         100.0 +/- 0.0   100.0 +/- 0.0
1               6.529e-03 +/- 1.076e-05         2937    2937    0       2937    2937    0       6.529e-03 +/- 1.076e-05         100.0 +/- 0.0   100.0 +/- 0.0
--------------------------------------------------------------------------------------------------------------------------------------------------------------------------
Total           1.752e-02 +/- 2.107e-05         7809    7809    0       7809    7809    0       1.752e-02 +/- 2.107e-05         100.0 +/- 0.0   100.0 +/- 0.0
--------------------------------------------------------------------------------------------------------------------------------------------------------------------------
Before matching: total cross section = 1.752e-02 +- 2.107e-05 pb
After matching: total cross section = 1.752e-02 +- 2.107e-05 pb
Filter efficiency (taking into account weights)= (7809) / (7809) = 1.000e+00 +- 0.000e+00
Filter efficiency (event-level)= (7809) / (7809) = 1.000e+00 +- 0.000e+00
After filter: final cross section = 1.752e-02 +- 2.107e-05 pb

============================================= 


------------------------------------
GenXsecAnalyzer:
------------------------------------
--------------------------------------------------------------------------------------------------------------------------------------------------------------------------
Overall cross-section summary
--------------------------------------------------------------------------------------------------------------------------------------------------------------------------
Process         xsec_before [pb]                passed  nposw   nnegw   tried   nposw   nnegw   xsec_match [pb]                 accepted [%]     event_eff [%]
0               1.102e-02 +/- 1.599e-06         626981  626981  0       626981  626981  0       1.102e-02 +/- 1.599e-06         100.0 +/- 0.0   100.0 +/- 0.0
1               6.614e-03 +/- 9.603e-07         373019  373019  0       373019  373019  0       6.614e-03 +/- 9.603e-07         100.0 +/- 0.0   100.0 +/- 0.0
--------------------------------------------------------------------------------------------------------------------------------------------------------------------------
Total           1.763e-02 +/- 1.865e-06         1000000 1000000 0       1000000 1000000 0       1.763e-02 +/- 1.865e-06         100.0 +/- 0.0   100.0 +/- 0.0
--------------------------------------------------------------------------------------------------------------------------------------------------------------------------
Before matching: total cross section = 1.763e-02 +- 1.865e-06 pb
After matching: total cross section = 1.763e-02 +- 1.865e-06 pb
Filter efficiency (taking into account weights)= (1e+06) / (1e+06) = 1.000e+00 +- 0.000e+00
Filter efficiency (event-level)= (1e+06) / (1e+06) = 1.000e+00 +- 0.000e+00
After filter: final cross section = 1.763e-02 +- 1.865e-06 pb
