
17-Jan-2017 21:01:17 CET  Closed file root://eoscms.cern.ch//store/mc/RunIISummer16MiniAODv2/WLLJJ_WToLNu_EWK_aQGC-FM_TuneCUETP8M1_13TeV_madgraph-madspin-pythia8/MINIAODSIM/PUMoriond17_80X_mcRun2_asymptotic_2016_TrancheIV_v6-v1/120000/027561E3-42BE-E611-AB10-001E674DA83D.root

------------------------------------
GenXsecAnalyzer:
------------------------------------
--------------------------------------------------------------------------------------------------------------------------------------------------------------------------
Overall cross-section summary
--------------------------------------------------------------------------------------------------------------------------------------------------------------------------
Process         xsec_before [pb]                passed  nposw   nnegw   tried   nposw   nnegw   xsec_match [pb]                 accepted [%]     event_eff [%]
0               8.940e-03 +/- 5.891e-06         33043   33043   0       33043   33043   0       8.940e-03 +/- 5.891e-06         100.0 +/- 0.0   100.0 +/- 0.0
1               5.379e-03 +/- 3.547e-06         19997   19997   0       19997   19997   0       5.379e-03 +/- 3.547e-06         100.0 +/- 0.0   100.0 +/- 0.0
--------------------------------------------------------------------------------------------------------------------------------------------------------------------------
Total           1.432e-02 +/- 6.877e-06         53040   53040   0       53040   53040   0       1.432e-02 +/- 6.877e-06         100.0 +/- 0.0   100.0 +/- 0.0
--------------------------------------------------------------------------------------------------------------------------------------------------------------------------
Before matching: total cross section = 1.432e-02 +- 6.877e-06 pb
After matching: total cross section = 1.432e-02 +- 6.877e-06 pb
Filter efficiency (taking into account weights)= (53040) / (53040) = 1.000e+00 +- 0.000e+00
Filter efficiency (event-level)= (53040) / (53040) = 1.000e+00 +- 0.000e+00
After filter: final cross section = 1.432e-02 +- 6.877e-06 pb

=============================================

i
------------------------------------
GenXsecAnalyzer:
------------------------------------
--------------------------------------------------------------------------------------------------------------------------------------------------------------------------
Overall cross-section summary
--------------------------------------------------------------------------------------------------------------------------------------------------------------------------
Process         xsec_before [pb]                passed  nposw   nnegw   tried   nposw   nnegw   xsec_match [pb]                 accepted [%]     event_eff [%]
0               8.937e-03 +/- 1.345e-06         624911  624911  0       624911  624911  0       8.937e-03 +/- 1.345e-06         100.0 +/- 0.0   100.0 +/- 0.0
1               5.380e-03 +/- 8.107e-07         375089  375089  0       375089  375089  0       5.380e-03 +/- 8.107e-07         100.0 +/- 0.0   100.0 +/- 0.0
--------------------------------------------------------------------------------------------------------------------------------------------------------------------------
Total           1.432e-02 +/- 1.570e-06         1000000 1000000 0       1000000 1000000 0       1.432e-02 +/- 1.570e-06         100.0 +/- 0.0   100.0 +/- 0.0
--------------------------------------------------------------------------------------------------------------------------------------------------------------------------
Before matching: total cross section = 1.432e-02 +- 1.570e-06 pb
After matching: total cross section = 1.432e-02 +- 1.570e-06 pb
Filter efficiency (taking into account weights)= (1e+06) / (1e+06) = 1.000e+00 +- 0.000e+00
Filter efficiency (event-level)= (1e+06) / (1e+06) = 1.000e+00 +- 0.000e+00
After filter: final cross section = 1.432e-02 +- 1.570e-06 pb

=============================================
